137
3
5
7
11
13
17
19
23
29
31
37
53
59
71
73
79
113
131
137
139
173
179
191
193
197
199
233
239
293
311
313
317
373
379
593
599
719
733
739
797
1319
1373
1399
1733
1913
1931
1933
1973
1979
1993
1997
1999
2333
2339
2393
2399
2939
3119
3137
3733
3739
3793
3797
5939
7193
7331
7333
7393
13997
13999
17333
19139
19319
19333
19739
19793
19937
19973
19979
19991
19993
19997
23333
23339
23399
23993
29399
31193
31379
37337
37339
37397
59393
59399
71933
73331
73939
139991
139999
193337
197933
199373
199379
199739
199799
199931
199933
233993
239933
293999
373379
373393
593933
593993
719333
739391
739393
739397
739399
1399913
1399919
1399999
1979339
1997999
1999331
1999339
2339933
2399333
2939999
3733799
5939333
7393913
7393931
7393933
13999133
19793393
19993319